<?xml version="1.0" encoding="UTF-8"?>
<robot generator="Robot 6.1 (Python 3.11.4 on win32)" generated="20230628 20:09:53.301" rpa="false" schemaversion="4">
<suite id="s1" name="Apptest" source="c:\Users\eduardo.azevedo\OneDrive - Yaman Tecnologia LTDA\Documentos\Microsoft_One_DRIVE\AUTOMACAO\EDU\PYTHON\RobotFW-Appium\features\apptest.robot">
<test id="s1-t1" name="Caso de Teste 01 - Abrir o aplicativo google" line="12">
<kw name="Abrir o App" library="base" type="SETUP">
<kw name="Set Appium Timeout" library="AppiumLibrary">
<arg>${TIMEOUT}</arg>
<doc>Sets the timeout in seconds used by various keywords.</doc>
<status status="PASS" starttime="20230628 20:09:54.242" endtime="20230628 20:09:54.247"/>
</kw>
<kw name="Open Application" library="AppiumLibrary">
<arg>${BASE_URL}</arg>
<arg>automationName=${AUTOMATION_NAME}</arg>
<arg>platformName=${PLATAFORM_NAME}</arg>
<arg>deviceName=${DEVICE_NAME}</arg>
<arg>app=${APP}</arg>
<arg>udid=${UDID}</arg>
<doc>Opens a new application to given Appium server.
Capabilities of appium server, Android and iOS,
Please check https://github.com/appium/appium/blob/master/docs/en/writing-running-appium/server-args.md
| *Option*            | *Man.* | *Description*     |
| remote_url          | Yes    | Appium server url |
| alias               | no     | alias             |
| strict_ssl          | No     | allows you to send commands to an invalid certificate host like a self-signed one. |</doc>
<status status="PASS" starttime="20230628 20:09:54.249" endtime="20230628 20:10:12.409"/>
</kw>
<status status="PASS" starttime="20230628 20:09:54.238" endtime="20230628 20:10:12.410"/>
</kw>
<kw name="Dado que inicio o aplicaivo android" library="teste_file">
<kw name="Abrir o App" library="base">
<kw name="Set Appium Timeout" library="AppiumLibrary">
<arg>${TIMEOUT}</arg>
<doc>Sets the timeout in seconds used by various keywords.</doc>
<status status="PASS" starttime="20230628 20:10:12.424" endtime="20230628 20:10:12.428"/>
</kw>
<kw name="Open Application" library="AppiumLibrary">
<arg>${BASE_URL}</arg>
<arg>automationName=${AUTOMATION_NAME}</arg>
<arg>platformName=${PLATAFORM_NAME}</arg>
<arg>deviceName=${DEVICE_NAME}</arg>
<arg>app=${APP}</arg>
<arg>udid=${UDID}</arg>
<doc>Opens a new application to given Appium server.
Capabilities of appium server, Android and iOS,
Please check https://github.com/appium/appium/blob/master/docs/en/writing-running-appium/server-args.md
| *Option*            | *Man.* | *Description*     |
| remote_url          | Yes    | Appium server url |
| alias               | no     | alias             |
| strict_ssl          | No     | allows you to send commands to an invalid certificate host like a self-signed one. |</doc>
<status status="PASS" starttime="20230628 20:10:12.435" endtime="20230628 20:10:26.689"/>
</kw>
<status status="PASS" starttime="20230628 20:10:12.421" endtime="20230628 20:10:26.690"/>
</kw>
<status status="PASS" starttime="20230628 20:10:12.417" endtime="20230628 20:10:26.692"/>
</kw>
<kw name="Quando clico no botão para abrir o google" library="teste_file">
<kw name="Wait Until Element Is Visible" library="AppiumLibrary">
<arg>${btn_google}</arg>
<doc>Waits until element specified with `locator` is visible.</doc>
<kw name="click element ${btn_google}">
<msg timestamp="20230628 20:10:57.131" level="FAIL">No keyword with name 'click element ${btn_google}' found. Did you try using keyword 'AppiumLibrary.Click Element' and forgot to use enough whitespace between keyword and arguments?</msg>
<status status="FAIL" starttime="20230628 20:10:57.131" endtime="20230628 20:10:57.132"/>
</kw>
<kw name="${btn_google}.click">
<msg timestamp="20230628 20:12:18.177" level="FAIL">No keyword with name '${btn_google}.click' found.</msg>
<status status="FAIL" starttime="20230628 20:12:18.177" endtime="20230628 20:12:18.177"/>
</kw>
<kw name="click ${btn_google}">
<msg timestamp="20230628 20:12:23.280" level="FAIL">No keyword with name 'click ${btn_google}' found.</msg>
<status status="FAIL" starttime="20230628 20:12:23.280" endtime="20230628 20:12:23.280"/>
</kw>
<kw name="Quando clico no botão para abrir o google" library="teste_file">
<kw name="Wait Until Element Is Visible" library="AppiumLibrary">
<arg>${btn_google}</arg>
<doc>Waits until element specified with `locator` is visible.</doc>
<kw name="Capture Page Screenshot" library="AppiumLibrary">
<doc>Takes a screenshot of the current page and embeds it into the log.</doc>
<msg timestamp="20230628 20:13:32.202" level="FAIL">InvalidSessionIdException: Message: A session is either terminated or not started
Stacktrace:
NoSuchDriverError: A session is either terminated or not started
    at asyncHandler (C:\Program Files\Appium Server GUI\resources\app\node_modules\appium\node_modules\appium-base-driver\lib\protocol\protocol.js:243:15)
    at C:\Program Files\Appium Server GUI\resources\app\node_modules\appium\node_modules\appium-base-driver\lib\protocol\protocol.js:423:15
    at Layer.handle [as handle_request] (C:\Program Files\Appium Server GUI\resources\app\node_modules\appium\node_modules\express\lib\router\layer.js:95:5)
    at next (C:\Program Files\Appium Server GUI\resources\app\node_modules\appium\node_modules\express\lib\router\route.js:137:13)
    at Route.dispatch (C:\Program Files\Appium Server GUI\resources\app\node_modules\appium\node_modules\express\lib\router\route.js:112:3)
    at Layer.handle [as handle_request] (C:\Program Files\Appium Server GUI\resources\app\node_modules\appium\node_modules\express\lib\router\layer.js:95:5)
    at C:\Program Files\Appium Server GUI\resources\app\node_modules\appium\node_modules\express\lib\router\index.js:281:22
    at param (C:\Program Files\Appium Server GUI\resources\app\node_modules\appium\node_modules\express\lib\router\index.js:354:14)
    at param (C:\Program Files\Appium Server GUI\resources\app\node_modules\appium\node_modules\express\lib\router\index.js:365:14)
    at Function.process_params (C:\Program Files\Appium Server GUI\resources\app\node_modules\appium\node_modules\express\lib\router\index.js:410:3)
    at next (C:\Program Files\Appium Server GUI\resources\app\node_modules\appium\node_modules\express\lib\router\index.js:275:10)
    at logger (C:\Program Files\Appium Server GUI\resources\app\node_modules\appium\node_modules\morgan\index.js:144:5)
    at Layer.handle [as handle_request] (C:\Program Files\Appium Server GUI\resources\app\node_modules\appium\node_modules\express\lib\router\layer.js:95:5)
    at trim_prefix (C:\Program Files\Appium Server GUI\resources\app\node_modules\appium\node_modules\express\lib\router\index.js:317:13)
    at C:\Program Files\Appium Server GUI\resources\app\node_modules\appium\node_modules\express\lib\router\index.js:284:7
    at Function.process_params (C:\Program Files\Appium Server GUI\resources\app\node_modules\appium\node_modules\express\lib\router\index.js:335:12)
    at next (C:\Program Files\Appium Server GUI\resources\app\node_modules\appium\node_modules\express\lib\router\index.js:275:10)
    at jsonParser (C:\Program Files\Appium Server GUI\resources\app\node_modules\appium\node_modules\body-parser\lib\types\json.js:110:7)
    at Layer.handle [as handle_request] (C:\Program Files\Appium Server GUI\resources\app\node_modules\appium\node_modules\express\lib\router\layer.js:95:5)
    at trim_prefix (C:\Program Files\Appium Server GUI\resources\app\node_modules\appium\node_modules\express\lib\router\index.js:317:13)
    at C:\Program Files\Appium Server GUI\resources\app\node_modules\appium\node_modules\express\lib\router\index.js:284:7
    at Function.process_params (C:\Program Files\Appium Server GUI\resources\app\node_modules\appium\node_modules\express\lib\router\index.js:335:12)
    at next (C:\Program Files\Appium Server GUI\resources\app\node_modules\appium\node_modules\express\lib\router\index.js:275:10)
    at Layer.handle [as handle_request] (C:\Program Files\Appium Server GUI\resources\app\node_modules\appium\node_modules\express\lib\router\layer.js:91:12)
    at trim_prefix (C:\Program Files\Appium Server GUI\resources\app\node_modules\appium\node_modules\express\lib\router\index.js:317:13)
    at C:\Program Files\Appium Server GUI\resources\app\node_modules\appium\node_modules\express\lib\router\index.js:284:7
    at Function.process_params (C:\Program Files\Appium Server GUI\resources\app\node_modules\appium\node_modules\express\lib\router\index.js:335:12)
    at next (C:\Program Files\Appium Server GUI\resources\app\node_modules\appium\node_modules\express\lib\router\index.js:275:10)</msg>
<status status="FAIL" starttime="20230628 20:13:32.192" endtime="20230628 20:13:32.237"/>
</kw>
<msg timestamp="20230628 20:13:32.243" level="WARN">Keyword 'Capture Page Screenshot' could not be run on failure: InvalidSessionIdException: Message: A session is either terminated or not started
Stacktrace:
NoSuchDriverError: A session is either terminated or not started
    at asyncHandler (C:\Program Files\Appium Server GUI\resources\app\node_modules\appium\node_modules\appium-base-driver\lib\protocol\protocol.js:243:15)
    at C:\Program Files\Appium Server GUI\resources\app\node_modules\appium\node_modules\appium-base-driver\lib\protocol\protocol.js:423:15
    at Layer.handle [as handle_request] (C:\Program Files\Appium Server GUI\resources\app\node_modules\appium\node_modules\express\lib\router\layer.js:95:5)
    at next (C:\Program Files\Appium Server GUI\resources\app\node_modules\appium\node_modules\express\lib\router\route.js:137:13)
    at Route.dispatch (C:\Program Files\Appium Server GUI\resources\app\node_modules\appium\node_modules\express\lib\router\route.js:112:3)
    at Layer.handle [as handle_request] (C:\Program Files\Appium Server GUI\resources\app\node_modules\appium\node_modules\express\lib\router\layer.js:95:5)
    at C:\Program Files\Appium Server GUI\resources\app\node_modules\appium\node_modules\express\lib\router\index.js:281:22
    at param (C:\Program Files\Appium Server GUI\resources\app\node_modules\appium\node_modules\express\lib\router\index.js:354:14)
    [ Message content over the limit has been removed. ]
...rces\app\node_modules\appium\node_modules\express\lib\router\layer.js:95:5)
    at trim_prefix (C:\Program Files\Appium Server GUI\resources\app\node_modules\appium\node_modules\express\lib\router\index.js:317:13)
    at C:\Program Files\Appium Server GUI\resources\app\node_modules\appium\node_modules\express\lib\router\index.js:284:7
    at Function.process_params (C:\Program Files\Appium Server GUI\resources\app\node_modules\appium\node_modules\express\lib\router\index.js:335:12)
    at next (C:\Program Files\Appium Server GUI\resources\app\node_modules\appium\node_modules\express\lib\router\index.js:275:10)
    at Layer.handle [as handle_request] (C:\Program Files\Appium Server GUI\resources\app\node_modules\appium\node_modules\express\lib\router\layer.js:91:12)
    at trim_prefix (C:\Program Files\Appium Server GUI\resources\app\node_modules\appium\node_modules\express\lib\router\index.js:317:13)
    at C:\Program Files\Appium Server GUI\resources\app\node_modules\appium\node_modules\express\lib\router\index.js:284:7
    at Function.process_params (C:\Program Files\Appium Server GUI\resources\app\node_modules\appium\node_modules\express\lib\router\index.js:335:12)
    at next (C:\Program Files\Appium Server GUI\resources\app\node_modules\appium\node_modules\express\lib\router\index.js:275:10)</msg>
<msg timestamp="20230628 20:13:32.252" level="INFO">criteria is /hierarchy/android.widget.FrameLayout/android.widget.LinearLayout/android.widget.FrameLayout/androidx.e.a.a/android.widget.RelativeLayout/android.widget.RelativeLayout/android.widget.FrameLayout/androidx.recyclerview.widget.RecyclerView/android.widget.FrameLayout[2]/android.widget.RelativeLayout</msg>
<msg timestamp="20230628 20:13:32.254" level="FAIL">InvalidSessionIdException: Message: A session is either terminated or not started
Stacktrace:
NoSuchDriverError: A session is either terminated or not started
    at asyncHandler (C:\Program Files\Appium Server GUI\resources\app\node_modules\appium\node_modules\appium-base-driver\lib\protocol\protocol.js:243:15)
    at C:\Program Files\Appium Server GUI\resources\app\node_modules\appium\node_modules\appium-base-driver\lib\protocol\protocol.js:423:15
    at Layer.handle [as handle_request] (C:\Program Files\Appium Server GUI\resources\app\node_modules\appium\node_modules\express\lib\router\layer.js:95:5)
    at next (C:\Program Files\Appium Server GUI\resources\app\node_modules\appium\node_modules\express\lib\router\route.js:137:13)
    at Route.dispatch (C:\Program Files\Appium Server GUI\resources\app\node_modules\appium\node_modules\express\lib\router\route.js:112:3)
    at Layer.handle [as handle_request] (C:\Program Files\Appium Server GUI\resources\app\node_modules\appium\node_modules\express\lib\router\layer.js:95:5)
    at C:\Program Files\Appium Server GUI\resources\app\node_modules\appium\node_modules\express\lib\router\index.js:281:22
    at param (C:\Program Files\Appium Server GUI\resources\app\node_modules\appium\node_modules\express\lib\router\index.js:354:14)
    at param (C:\Program Files\Appium Server GUI\resources\app\node_modules\appium\node_modules\express\lib\router\index.js:365:14)
    at Function.process_params (C:\Program Files\Appium Server GUI\resources\app\node_modules\appium\node_modules\express\lib\router\index.js:410:3)
    at next (C:\Program Files\Appium Server GUI\resources\app\node_modules\appium\node_modules\express\lib\router\index.js:275:10)
    at logger (C:\Program Files\Appium Server GUI\resources\app\node_modules\appium\node_modules\morgan\index.js:144:5)
    at Layer.handle [as handle_request] (C:\Program Files\Appium Server GUI\resources\app\node_modules\appium\node_modules\express\lib\router\layer.js:95:5)
    at trim_prefix (C:\Program Files\Appium Server GUI\resources\app\node_modules\appium\node_modules\express\lib\router\index.js:317:13)
    at C:\Program Files\Appium Server GUI\resources\app\node_modules\appium\node_modules\express\lib\router\index.js:284:7
    at Function.process_params (C:\Program Files\Appium Server GUI\resources\app\node_modules\appium\node_modules\express\lib\router\index.js:335:12)
    at next (C:\Program Files\Appium Server GUI\resources\app\node_modules\appium\node_modules\express\lib\router\index.js:275:10)
    at C:\Program Files\Appium Server GUI\resources\app\node_modules\appium\node_modules\body-parser\lib\read.js:130:5
    at invokeCallback (C:\Program Files\Appium Server GUI\resources\app\node_modules\appium\node_modules\raw-body\index.js:224:16)
    at done (C:\Program Files\Appium Server GUI\resources\app\node_modules\appium\node_modules\raw-body\index.js:213:7)
    at IncomingMessage.onEnd (C:\Program Files\Appium Server GUI\resources\app\node_modules\appium\node_modules\raw-body\index.js:273:7)
    at IncomingMessage.emit (events.js:322:22)
    at endReadableNT (_stream_readable.js:1187:12)
    at processTicksAndRejections (internal/process/task_queues.js:84:21)</msg>
<status status="FAIL" starttime="20230628 20:13:32.167" endtime="20230628 20:13:32.261"/>
</kw>
<kw name="Click Element" library="AppiumLibrary">
<arg>${btn_google}</arg>
<doc>Click element identified by `locator`.</doc>
<status status="NOT RUN" starttime="20230628 20:13:32.263" endtime="20230628 20:13:32.263"/>
</kw>
<status status="FAIL" starttime="20230628 20:13:32.166" endtime="20230628 20:13:32.264"/>
</kw>
<kw name="Capture Page Screenshot" library="AppiumLibrary">
<doc>Takes a screenshot of the current page and embeds it into the log.</doc>
<kw name="Click Element" library="AppiumLibrary">
<arg>${btn_google}</arg>
<doc>Click element identified by `locator`.</doc>
<msg timestamp="20230628 20:15:57.452" level="INFO">Clicking element '/hierarchy/android.widget.FrameLayout/android.widget.LinearLayout/android.widget.FrameLayout/androidx.e.a.a/android.widget.RelativeLayout/android.widget.RelativeLayout/android.widget.FrameLayout/androidx.recyclerview.widget.RecyclerView/android.widget.FrameLayout[2]/android.widget.RelativeLayout'.</msg>
<msg timestamp="20230628 20:15:57.459" level="INFO">criteria is /hierarchy/android.widget.FrameLayout/android.widget.LinearLayout/android.widget.FrameLayout/androidx.e.a.a/android.widget.RelativeLayout/android.widget.RelativeLayout/android.widget.FrameLayout/androidx.recyclerview.widget.RecyclerView/android.widget.FrameLayout[2]/android.widget.RelativeLayout</msg>
<msg timestamp="20230628 20:15:57.459" level="FAIL">InvalidSessionIdException: Message: A session is either terminated or not started
Stacktrace:
NoSuchDriverError: A session is either terminated or not started
    at asyncHandler (C:\Program Files\Appium Server GUI\resources\app\node_modules\appium\node_modules\appium-base-driver\lib\protocol\protocol.js:243:15)
    at C:\Program Files\Appium Server GUI\resources\app\node_modules\appium\node_modules\appium-base-driver\lib\protocol\protocol.js:423:15
    at Layer.handle [as handle_request] (C:\Program Files\Appium Server GUI\resources\app\node_modules\appium\node_modules\express\lib\router\layer.js:95:5)
    at next (C:\Program Files\Appium Server GUI\resources\app\node_modules\appium\node_modules\express\lib\router\route.js:137:13)
    at Route.dispatch (C:\Program Files\Appium Server GUI\resources\app\node_modules\appium\node_modules\express\lib\router\route.js:112:3)
    at Layer.handle [as handle_request] (C:\Program Files\Appium Server GUI\resources\app\node_modules\appium\node_modules\express\lib\router\layer.js:95:5)
    at C:\Program Files\Appium Server GUI\resources\app\node_modules\appium\node_modules\express\lib\router\index.js:281:22
    at param (C:\Program Files\Appium Server GUI\resources\app\node_modules\appium\node_modules\express\lib\router\index.js:354:14)
    at param (C:\Program Files\Appium Server GUI\resources\app\node_modules\appium\node_modules\express\lib\router\index.js:365:14)
    at Function.process_params (C:\Program Files\Appium Server GUI\resources\app\node_modules\appium\node_modules\express\lib\router\index.js:410:3)
    at next (C:\Program Files\Appium Server GUI\resources\app\node_modules\appium\node_modules\express\lib\router\index.js:275:10)
    at logger (C:\Program Files\Appium Server GUI\resources\app\node_modules\appium\node_modules\morgan\index.js:144:5)
    at Layer.handle [as handle_request] (C:\Program Files\Appium Server GUI\resources\app\node_modules\appium\node_modules\express\lib\router\layer.js:95:5)
    at trim_prefix (C:\Program Files\Appium Server GUI\resources\app\node_modules\appium\node_modules\express\lib\router\index.js:317:13)
    at C:\Program Files\Appium Server GUI\resources\app\node_modules\appium\node_modules\express\lib\router\index.js:284:7
    at Function.process_params (C:\Program Files\Appium Server GUI\resources\app\node_modules\appium\node_modules\express\lib\router\index.js:335:12)
    at next (C:\Program Files\Appium Server GUI\resources\app\node_modules\appium\node_modules\express\lib\router\index.js:275:10)
    at C:\Program Files\Appium Server GUI\resources\app\node_modules\appium\node_modules\body-parser\lib\read.js:130:5
    at invokeCallback (C:\Program Files\Appium Server GUI\resources\app\node_modules\appium\node_modules\raw-body\index.js:224:16)
    at done (C:\Program Files\Appium Server GUI\resources\app\node_modules\appium\node_modules\raw-body\index.js:213:7)
    at IncomingMessage.onEnd (C:\Program Files\Appium Server GUI\resources\app\node_modules\appium\node_modules\raw-body\index.js:273:7)
    at IncomingMessage.emit (events.js:322:22)
    at endReadableNT (_stream_readable.js:1187:12)
    at processTicksAndRejections (internal/process/task_queues.js:84:21)</msg>
<status status="FAIL" starttime="20230628 20:15:57.444" endtime="20230628 20:15:57.465"/>
</kw>
<kw name="Click Element" library="AppiumLibrary">
<doc>Click element identified by `locator`.</doc>
<msg timestamp="20230628 20:16:08.551" level="FAIL">Keyword 'AppiumLibrary.Click Element' expected 1 argument, got 0.</msg>
<status status="FAIL" starttime="20230628 20:16:08.550" endtime="20230628 20:16:08.552"/>
</kw>
<kw name="Click Element" library="AppiumLibrary">
<doc>Click element identified by `locator`.</doc>
<msg timestamp="20230628 20:16:20.765" level="FAIL">Keyword 'AppiumLibrary.Click Element' expected 1 argument, got 0.</msg>
<status status="FAIL" starttime="20230628 20:16:20.764" endtime="20230628 20:16:20.765"/>
</kw>
<kw name="Click Element" library="AppiumLibrary">
<arg>${btn_google}</arg>
<doc>Click element identified by `locator`.</doc>
<msg timestamp="20230628 20:16:33.809" level="INFO">Clicking element '/hierarchy/android.widget.FrameLayout/android.widget.LinearLayout/android.widget.FrameLayout/androidx.e.a.a/android.widget.RelativeLayout/android.widget.RelativeLayout/android.widget.FrameLayout/androidx.recyclerview.widget.RecyclerView/android.widget.FrameLayout[2]/android.widget.RelativeLayout'.</msg>
<msg timestamp="20230628 20:16:33.816" level="INFO">criteria is /hierarchy/android.widget.FrameLayout/android.widget.LinearLayout/android.widget.FrameLayout/androidx.e.a.a/android.widget.RelativeLayout/android.widget.RelativeLayout/android.widget.FrameLayout/androidx.recyclerview.widget.RecyclerView/android.widget.FrameLayout[2]/android.widget.RelativeLayout</msg>
<msg timestamp="20230628 20:16:33.816" level="FAIL">InvalidSessionIdException: Message: A session is either terminated or not started
Stacktrace:
NoSuchDriverError: A session is either terminated or not started
    at asyncHandler (C:\Program Files\Appium Server GUI\resources\app\node_modules\appium\node_modules\appium-base-driver\lib\protocol\protocol.js:243:15)
    at C:\Program Files\Appium Server GUI\resources\app\node_modules\appium\node_modules\appium-base-driver\lib\protocol\protocol.js:423:15
    at Layer.handle [as handle_request] (C:\Program Files\Appium Server GUI\resources\app\node_modules\appium\node_modules\express\lib\router\layer.js:95:5)
    at next (C:\Program Files\Appium Server GUI\resources\app\node_modules\appium\node_modules\express\lib\router\route.js:137:13)
    at Route.dispatch (C:\Program Files\Appium Server GUI\resources\app\node_modules\appium\node_modules\express\lib\router\route.js:112:3)
    at Layer.handle [as handle_request] (C:\Program Files\Appium Server GUI\resources\app\node_modules\appium\node_modules\express\lib\router\layer.js:95:5)
    at C:\Program Files\Appium Server GUI\resources\app\node_modules\appium\node_modules\express\lib\router\index.js:281:22
    at param (C:\Program Files\Appium Server GUI\resources\app\node_modules\appium\node_modules\express\lib\router\index.js:354:14)
    at param (C:\Program Files\Appium Server GUI\resources\app\node_modules\appium\node_modules\express\lib\router\index.js:365:14)
    at Function.process_params (C:\Program Files\Appium Server GUI\resources\app\node_modules\appium\node_modules\express\lib\router\index.js:410:3)
    at next (C:\Program Files\Appium Server GUI\resources\app\node_modules\appium\node_modules\express\lib\router\index.js:275:10)
    at logger (C:\Program Files\Appium Server GUI\resources\app\node_modules\appium\node_modules\morgan\index.js:144:5)
    at Layer.handle [as handle_request] (C:\Program Files\Appium Server GUI\resources\app\node_modules\appium\node_modules\express\lib\router\layer.js:95:5)
    at trim_prefix (C:\Program Files\Appium Server GUI\resources\app\node_modules\appium\node_modules\express\lib\router\index.js:317:13)
    at C:\Program Files\Appium Server GUI\resources\app\node_modules\appium\node_modules\express\lib\router\index.js:284:7
    at Function.process_params (C:\Program Files\Appium Server GUI\resources\app\node_modules\appium\node_modules\express\lib\router\index.js:335:12)
    at next (C:\Program Files\Appium Server GUI\resources\app\node_modules\appium\node_modules\express\lib\router\index.js:275:10)
    at C:\Program Files\Appium Server GUI\resources\app\node_modules\appium\node_modules\body-parser\lib\read.js:130:5
    at invokeCallback (C:\Program Files\Appium Server GUI\resources\app\node_modules\appium\node_modules\raw-body\index.js:224:16)
    at done (C:\Program Files\Appium Server GUI\resources\app\node_modules\appium\node_modules\raw-body\index.js:213:7)
    at IncomingMessage.onEnd (C:\Program Files\Appium Server GUI\resources\app\node_modules\appium\node_modules\raw-body\index.js:273:7)
    at IncomingMessage.emit (events.js:322:22)
    at endReadableNT (_stream_readable.js:1187:12)
    at processTicksAndRejections (internal/process/task_queues.js:84:21)</msg>
<status status="FAIL" starttime="20230628 20:16:33.804" endtime="20230628 20:16:33.822"/>
</kw>
<kw name="Click Element" library="AppiumLibrary">
<arg>/hierarchy/android.widget.FrameLayout/android.widget.LinearLayout/android.widget.FrameLayout/androidx.e.a.a/android.widget.RelativeLayout/android.widget.RelativeLayout/android.widget.FrameLayout/androidx.recyclerview.widget.RecyclerView/android.widget.FrameLayout[2]/android.widget.RelativeLayout</arg>
<doc>Click element identified by `locator`.</doc>
<msg timestamp="20230628 20:16:50.792" level="INFO">Clicking element '/hierarchy/android.widget.FrameLayout/android.widget.LinearLayout/android.widget.FrameLayout/androidx.e.a.a/android.widget.RelativeLayout/android.widget.RelativeLayout/android.widget.FrameLayout/androidx.recyclerview.widget.RecyclerView/android.widget.FrameLayout[2]/android.widget.RelativeLayout'.</msg>
<msg timestamp="20230628 20:16:50.799" level="INFO">criteria is /hierarchy/android.widget.FrameLayout/android.widget.LinearLayout/android.widget.FrameLayout/androidx.e.a.a/android.widget.RelativeLayout/android.widget.RelativeLayout/android.widget.FrameLayout/androidx.recyclerview.widget.RecyclerView/android.widget.FrameLayout[2]/android.widget.RelativeLayout</msg>
<msg timestamp="20230628 20:16:50.800" level="FAIL">